# JRE version: OpenJDK Runtime Environment (7.0_95) (build 1.7.0_95-b00)
# Java VM: OpenJDK 64-Bit Server VM (24.95-b01 mixed mode linux-amd64 compressed oops)
Heap
 PSYoungGen      total 72704K, used 7158K [0x00000000eaa80000, 0x00000000ef880000, 0x0000000100000000)
  eden space 65536K, 0% used [0x00000000eaa80000,0x00000000eaa80000,0x00000000eea80000)
  from space 7168K, 99% used [0x00000000eea80000,0x00000000ef17d988,0x00000000ef180000)
  to   space 7168K, 0% used [0x00000000ef180000,0x00000000ef180000,0x00000000ef880000)
 ParOldGen       total 39424K, used 16432K [0x00000000c0000000, 0x00000000c2680000, 0x00000000eaa80000)
  object space 39424K, 41% used [0x00000000c0000000,0x00000000c100c098,0x00000000c2680000)
 PSPermGen       total 30720K, used 30682K [0x00000000b0000000, 0x00000000b1e00000, 0x00000000c0000000)
  object space 30720K, 99% used [0x00000000b0000000,0x00000000b1df6a58,0x00000000b1e00000)
GC Heap History (10 events):
Event: 7.736 GC heap after
Heap after GC invocations=6 (full 0):
 PSYoungGen      total 26624K, used 3865K [0x00000000eaa80000, 0x00000000ed580000, 0x0000000100000000)
  eden space 20480K, 0% used [0x00000000eaa80000,0x00000000eaa80000,0x00000000ebe80000)
  from space 6144K, 62% used [0x00000000ec480000,0x00000000ec8466f8,0x00000000eca80000)
  to   space 6144K, 0% used [0x00000000ebe80000,0x00000000ebe80000,0x00000000ec480000)
 ParOldGen       total 39424K, used 7277K [0x00000000c0000000, 0x00000000c2680000, 0x00000000eaa80000)
  object space 39424K, 18% used [0x00000000c0000000,0x00000000c071b7c8,0x00000000c2680000)
 PSPermGen       total 21504K, used 17290K [0x00000000b0000000, 0x00000000b1500000, 0x00000000c0000000)
  object space 21504K, 80% used [0x00000000b0000000,0x00000000b10e2900,0x00000000b1500000)
}
Event: 8.635 GC heap before
{Heap before GC invocations=7 (full 0):
 PSYoungGen      total 26624K, used 23522K [0x00000000eaa80000, 0x00000000ed580000, 0x0000000100000000)
  eden space 20480K, 95% used [0x00000000eaa80000,0x00000000ebdb2428,0x00000000ebe80000)
  from space 6144K, 62% used [0x00000000ec480000,0x00000000ec8466f8,0x00000000eca80000)
  to   space 6144K, 0% used [0x00000000ebe80000,0x00000000ebe80000,0x00000000ec480000)
 ParOldGen       total 39424K, used 7277K [0x00000000c0000000, 0x00000000c2680000, 0x00000000eaa80000)
  object space 39424K, 18% used [0x00000000c0000000,0x00000000c071b7c8,0x00000000c2680000)
 PSPermGen       total 21504K, used 19081K [0x00000000b0000000, 0x00000000b1500000, 0x00000000c0000000)
  object space 21504K, 88% used [0x00000000b0000000,0x00000000b12a2490,0x00000000b1500000)
Event: 8.658 GC heap after
Heap after GC invocations=7 (full 0):
 PSYoungGen      total 26624K, used 4590K [0x00000000eaa80000, 0x00000000ede80000, 0x0000000100000000)
  eden space 20480K, 0% used [0x00000000eaa80000,0x00000000eaa80000,0x00000000ebe80000)
  from space 6144K, 74% used [0x00000000ebe80000,0x00000000ec2fbbd0,0x00000000ec480000)
  to   space 6144K, 0% used [0x00000000ed880000,0x00000000ed880000,0x00000000ede80000)
 ParOldGen       total 39424K, used 8090K [0x00000000c0000000, 0x00000000c2680000, 0x00000000eaa80000)
  object space 39424K, 20% used [0x00000000c0000000,0x00000000c07e6818,0x00000000c2680000)
 PSPermGen       total 21504K, used 19081K [0x00000000b0000000, 0x00000000b1500000, 0x00000000c0000000)
  object space 21504K, 88% used [0x00000000b0000000,0x00000000b12a2490,0x00000000b1500000)
}
Event: 9.187 GC heap before
{Heap before GC invocations=8 (full 0):
 PSYoungGen      total 26624K, used 25070K [0x00000000eaa80000, 0x00000000ede80000, 0x0000000100000000)
  eden space 20480K, 100% used [0x00000000eaa80000,0x00000000ebe80000,0x00000000ebe80000)
  from space 6144K, 74% used [0x00000000ebe80000,0x00000000ec2fbbd0,0x00000000ec480000)
  to   space 6144K, 0% used [0x00000000ed880000,0x00000000ed880000,0x00000000ede80000)
 ParOldGen       total 39424K, used 8090K [0x00000000c0000000, 0x00000000c2680000, 0x00000000eaa80000)
  object space 39424K, 20% used [0x00000000c0000000,0x00000000c07e6818,0x00000000c2680000)
 PSPermGen       total 21504K, used 20775K [0x00000000b0000000, 0x00000000b1500000, 0x00000000c0000000)
  object space 21504K, 96% used [0x00000000b0000000,0x00000000b1449e58,0x00000000b1500000)
Event: 9.207 GC heap after
Heap after GC invocations=8 (full 0):
 PSYoungGen      total 47104K, used 4113K [0x00000000eaa80000, 0x00000000ede80000, 0x0000000100000000)
  eden space 40960K, 0% used [0x00000000eaa80000,0x00000000eaa80000,0x00000000ed280000)
  from space 6144K, 66% used [0x00000000ed880000,0x00000000edc84490,0x00000000ede80000)
  to   space 6144K, 0% used [0x00000000ed280000,0x00000000ed280000,0x00000000ed880000)
 ParOldGen       total 39424K, used 8878K [0x00000000c0000000, 0x00000000c2680000, 0x00000000eaa80000)
  object space 39424K, 22% used [0x00000000c0000000,0x00000000c08ab888,0x00000000c2680000)
 PSPermGen       total 21504K, used 20775K [0x00000000b0000000, 0x00000000b1500000, 0x00000000c0000000)
  object space 21504K, 96% used [0x00000000b0000000,0x00000000b1449e58,0x00000000b1500000)
}
Event: 10.255 GC heap before
{Heap before GC invocations=9 (full 0):
 PSYoungGen      total 47104K, used 45073K [0x00000000eaa80000, 0x00000000ede80000, 0x0000000100000000)
  eden space 40960K, 100% used [0x00000000eaa80000,0x00000000ed280000,0x00000000ed280000)
  from space 6144K, 66% used [0x00000000ed880000,0x00000000edc84490,0x00000000ede80000)
  to   space 6144K, 0% used [0x00000000ed280000,0x00000000ed280000,0x00000000ed880000)
 ParOldGen       total 39424K, used 8878K [0x00000000c0000000, 0x00000000c2680000, 0x00000000eaa80000)
  object space 39424K, 22% used [0x00000000c0000000,0x00000000c08ab888,0x00000000c2680000)
 PSPermGen       total 23552K, used 23406K [0x00000000b0000000, 0x00000000b1700000, 0x00000000c0000000)
  object space 23552K, 99% used [0x00000000b0000000,0x00000000b16db820,0x00000000b1700000)
Event: 10.276 GC heap after
Heap after GC invocations=9 (full 0):
 PSYoungGen      total 47104K, used 6128K [0x00000000eaa80000, 0x00000000ef880000, 0x0000000100000000)
  eden space 40960K, 0% used [0x00000000eaa80000,0x00000000eaa80000,0x00000000ed280000)
  from space 6144K, 99% used [0x00000000ed280000,0x00000000ed87c250,0x00000000ed880000)
  to   space 7168K, 0% used [0x00000000ef180000,0x00000000ef180000,0x00000000ef880000)
 ParOldGen       total 39424K, used 10215K [0x00000000c0000000, 0x00000000c2680000, 0x00000000eaa80000)
  object space 39424K, 25% used [0x00000000c0000000,0x00000000c09f9d88,0x00000000c2680000)
 PSPermGen       total 23552K, used 23406K [0x00000000b0000000, 0x00000000b1700000, 0x00000000c0000000)
  object space 23552K, 99% used [0x00000000b0000000,0x00000000b16db820,0x00000000b1700000)
}
Event: 13.705 GC heap before
{Heap before GC invocations=10 (full 0):
 PSYoungGen      total 47104K, used 47088K [0x00000000eaa80000, 0x00000000ef880000, 0x0000000100000000)
  eden space 40960K, 100% used [0x00000000eaa80000,0x00000000ed280000,0x00000000ed280000)
  from space 6144K, 99% used [0x00000000ed280000,0x00000000ed87c250,0x00000000ed880000)
  to   space 7168K, 0% used [0x00000000ef180000,0x00000000ef180000,0x00000000ef880000)
 ParOldGen       total 39424K, used 10215K [0x00000000c0000000, 0x00000000c2680000, 0x00000000eaa80000)
  object space 39424K, 25% used [0x00000000c0000000,0x00000000c09f9d88,0x00000000c2680000)
 PSPermGen       total 26112K, used 25781K [0x00000000b0000000, 0x00000000b1980000, 0x00000000c0000000)
  object space 26112K, 98% used [0x00000000b0000000,0x00000000b192d700,0x00000000b1980000)
Event: 13.724 GC heap after
Heap after GC invocations=10 (full 0):
 PSYoungGen      total 72704K, used 4475K [0x00000000eaa80000, 0x00000000ef880000, 0x0000000100000000)
  eden space 65536K, 0% used [0x00000000eaa80000,0x00000000eaa80000,0x00000000eea80000)
  from space 7168K, 62% used [0x00000000ef180000,0x00000000ef5def98,0x00000000ef880000)
  to   space 7168K, 0% used [0x00000000eea80000,0x00000000eea80000,0x00000000ef180000)
 ParOldGen       total 39424K, used 12271K [0x00000000c0000000, 0x00000000c2680000, 0x00000000eaa80000)
  object space 39424K, 31% used [0x00000000c0000000,0x00000000c0bfbdd8,0x00000000c2680000)
 PSPermGen       total 26112K, used 25781K [0x00000000b0000000, 0x00000000b1980000, 0x00000000c0000000)
  object space 26112K, 98% used [0x00000000b0000000,0x00000000b192d700,0x00000000b1980000)
}
Event: 20.858 GC heap before
{Heap before GC invocations=11 (full 0):
 PSYoungGen      total 72704K, used 70011K [0x00000000eaa80000, 0x00000000ef880000, 0x0000000100000000)
  eden space 65536K, 100% used [0x00000000eaa80000,0x00000000eea80000,0x00000000eea80000)
  from space 7168K, 62% used [0x00000000ef180000,0x00000000ef5def98,0x00000000ef880000)
  to   space 7168K, 0% used [0x00000000eea80000,0x00000000eea80000,0x00000000ef180000)
 ParOldGen       total 39424K, used 12271K [0x00000000c0000000, 0x00000000c2680000, 0x00000000eaa80000)
  object space 39424K, 31% used [0x00000000c0000000,0x00000000c0bfbdd8,0x00000000c2680000)
 PSPermGen       total 30720K, used 30682K [0x00000000b0000000, 0x00000000b1e00000, 0x00000000c0000000)
  object space 30720K, 99% used [0x00000000b0000000,0x00000000b1df6a58,0x00000000b1e00000)

